Started by user [8mha:////4NqP7rWSa9mtLx5gfLfjKQDMMuGHct7nptfp+lDoRuNKAAAAlx+LCAAAAAAAAP9b85aBtbiIQTGjNKU4P08vOT+vOD8nVc83PyU1x6OyILUoJzMv2y+/JJUBAhiZGBgqihhk0NSjKDWzXb3RdlLBUSYGJk8GtpzUvPSSDB8G5tKinBIGIZ+sxLJE/ZzEvHT94JKizLx0a6BxUmjGOUNodHsLgAz2EgZu/dLi1CL9xJTczDwAHhAahcAAAAA=[0mMadhu G
Building remotely on [8mha:////4NrsXaPr+z8DyqNrd6FtHjqQ4oKJSgBCnXPFkEPrg+MaAAAAoB+LCAAAAAAAAP9b85aBtbiIQTGjNKU4P08vOT+vOD8nVc83PyU1x6OyILUoJzMv2y+/JJUBAhiZGBgqihhk0NSjKDWzXb3RdlLBUSYGJk8GtpzUvPSSDB8G5tKinBIGIZ+sxLJE/ZzEvHT94JKizLx0a6BxUmjGOUNodHsLgAyuEgYR/eT83ILSktQifa/UvOKcxLJUA0MAHiK/GMkAAAA=[0mJenslave01 (Jen1) in workspace /home/gamut/workspace/Gamut_mvn
No credentials specified
Cloning the remote Git repository
Cloning repository https://github.com/GMadhu921/gamutkart2.git
 > git init /home/gamut/workspace/Gamut_mvn # timeout=10
Fetching upstream changes from https://github.com/GMadhu921/gamutkart2.git
 > git --version # timeout=10
 > git fetch --tags --progress https://github.com/GMadhu921/gamutkart2.git +refs/heads/*:refs/remotes/origin/*
 > git config remote.origin.url https://github.com/GMadhu921/gamutkart2.git # timeout=10
 > git config --add remote.origin.fetch +refs/heads/*:refs/remotes/origin/* # timeout=10
 > git config remote.origin.url https://github.com/GMadhu921/gamutkart2.git # timeout=10
Fetching upstream changes from https://github.com/GMadhu921/gamutkart2.git
 > git fetch --tags --progress https://github.com/GMadhu921/gamutkart2.git +refs/heads/*:refs/remotes/origin/*
 > git rev-parse refs/remotes/origin/master^{commit} # timeout=10
 > git rev-parse refs/remotes/origin/origin/master^{commit} # timeout=10
Checking out Revision 42aee454433d498d15cc3df63872acf9014412fa (refs/remotes/origin/master)
 > git config core.sparsecheckout # timeout=10
 > git checkout -f 42aee454433d498d15cc3df63872acf9014412fa
Commit message: "pom.xml updated"
 > git rev-list --no-walk 42aee454433d498d15cc3df63872acf9014412fa # timeout=10
No emails were triggered.
[Gamut_mvn] $ mvn clean install
Warning: JAVA_HOME environment variable is not set.
[INFO] Scanning for projects...
[INFO]                                                                         
[INFO] ------------------------------------------------------------------------
[INFO] Building gamutkart 1.1-SNAPSHOT
[INFO] ------------------------------------------------------------------------
[INFO] 
[8mha:////4JDmBsa4AY0ERQAM7CBaOO70K4s4T7JMmB8CEYX0K7bbAAAAYB+LCAAAAAAAAP9b85aBtbiIQSmjNKU4P0+vJLE4u1gvPjexLDVPzxdEGvvmZ+X75ZekLlOVfvTjc8FPJgaGiiIGKaiG5Py84vycVD1nCA1SyAABjCCFBQCV27OjYAAAAA==[0m[INFO] --- maven-clean-plugin:2.5:clean (default-clean) @ gamutkart ---
[INFO] 
[8mha:////4JDmBsa4AY0ERQAM7CBaOO70K4s4T7JMmB8CEYX0K7bbAAAAYB+LCAAAAAAAAP9b85aBtbiIQSmjNKU4P0+vJLE4u1gvPjexLDVPzxdEGvvmZ+X75ZekLlOVfvTjc8FPJgaGiiIGKaiG5Py84vycVD1nCA1SyAABjCCFBQCV27OjYAAAAA==[0m[INFO] --- maven-resources-plugin:2.6:resources (default-resources) @ gamutkart ---
[8mha:////4AToYkdUsh1nKCguww/ILuczdq2UWZ5r4GPmmT/ebxNLAAAAYx+LCAAAAAAAAP9b85aBtbiIQSWjNKU4P0+vJLE4u1gvPjexLDVPzxdEhicW5WXmpfvll6S2fNly5fzGzauYGBgqihikoFqS8/OK83NS9ZwhNEghAwQwghQWAACwxA+XYgAAAA==[0m[WARNING] Using platform encoding (ANSI_X3.4-1968 actually) to copy filtered resources, i.e. build is platform dependent!
[INFO] skip non existing resourceDirectory /home/gamut/workspace/Gamut_mvn/src/main/resources
[INFO] 
[8mha:////4JDmBsa4AY0ERQAM7CBaOO70K4s4T7JMmB8CEYX0K7bbAAAAYB+LCAAAAAAAAP9b85aBtbiIQSmjNKU4P0+vJLE4u1gvPjexLDVPzxdEGvvmZ+X75ZekLlOVfvTjc8FPJgaGiiIGKaiG5Py84vycVD1nCA1SyAABjCCFBQCV27OjYAAAAA==[0m[INFO] --- maven-compiler-plugin:3.2:compile (default-compile) @ gamutkart ---
[INFO] Changes detected - recompiling the module!
[8mha:////4AToYkdUsh1nKCguww/ILuczdq2UWZ5r4GPmmT/ebxNLAAAAYx+LCAAAAAAAAP9b85aBtbiIQSWjNKU4P0+vJLE4u1gvPjexLDVPzxdEhicW5WXmpfvll6S2fNly5fzGzauYGBgqihikoFqS8/OK83NS9ZwhNEghAwQwghQWAACwxA+XYgAAAA==[0m[WARNING] File encoding has not been set, using platform encoding ANSI_X3.4-1968, i.e. build is platform dependent!
[INFO] Compiling 1 source file to /home/gamut/workspace/Gamut_mvn/target/classes
[INFO] -------------------------------------------------------------
[8mha:////4IhcPu03US8V4yBJPH60YHqcd9bVcd4fMbNSboUNnteLAAAAYB+LCAAAAAAAAP9b85aBtbiIQSmjNKU4P0+vJLE4u1gvPjexLDVPzxdEuhYV5Rf55ZekOlc7RKnPKH7IxMBQUcQgBdWQnJ9XnJ+TqucMoUEKGSCAEaSwAACsNFCqYAAAAA==[0m[ERROR] COMPILATION ERROR : 
[INFO] -------------------------------------------------------------
[8mha:////4IhcPu03US8V4yBJPH60YHqcd9bVcd4fMbNSboUNnteLAAAAYB+LCAAAAAAAAP9b85aBtbiIQSmjNKU4P0+vJLE4u1gvPjexLDVPzxdEuhYV5Rf55ZekOlc7RKnPKH7IxMBQUcQgBdWQnJ9XnJ+TqucMoUEKGSCAEaSwAACsNFCqYAAAAA==[0m[ERROR] No compiler is provided in this environment. Perhaps you are running on a JRE rather than a JDK?
[INFO] 1 error
[INFO] -------------------------------------------------------------
[INFO] ------------------------------------------------------------------------
[INFO] BUILD FAILURE
[INFO] ------------------------------------------------------------------------
[INFO] Total time: 2.245 s
[INFO] Finished at: 2019-04-11T05:56:50+00:00
[INFO] Final Memory: 9M/54M
[INFO] ------------------------------------------------------------------------
[8mha:////4IhcPu03US8V4yBJPH60YHqcd9bVcd4fMbNSboUNnteLAAAAYB+LCAAAAAAAAP9b85aBtbiIQSmjNKU4P0+vJLE4u1gvPjexLDVPzxdEuhYV5Rf55ZekOlc7RKnPKH7IxMBQUcQgBdWQnJ9XnJ+TqucMoUEKGSCAEaSwAACsNFCqYAAAAA==[0m[ERROR] Failed to execute goal org.apache.maven.plugins:maven-compiler-plugin:3.2:compile (default-compile) on project gamutkart: Compilation failure
[8mha:////4IhcPu03US8V4yBJPH60YHqcd9bVcd4fMbNSboUNnteLAAAAYB+LCAAAAAAAAP9b85aBtbiIQSmjNKU4P0+vJLE4u1gvPjexLDVPzxdEuhYV5Rf55ZekOlc7RKnPKH7IxMBQUcQgBdWQnJ9XnJ+TqucMoUEKGSCAEaSwAACsNFCqYAAAAA==[0m[ERROR] No compiler is provided in this environment. Perhaps you are running on a JRE rather than a JDK?
[8mha:////4IhcPu03US8V4yBJPH60YHqcd9bVcd4fMbNSboUNnteLAAAAYB+LCAAAAAAAAP9b85aBtbiIQSmjNKU4P0+vJLE4u1gvPjexLDVPzxdEuhYV5Rf55ZekOlc7RKnPKH7IxMBQUcQgBdWQnJ9XnJ+TqucMoUEKGSCAEaSwAACsNFCqYAAAAA==[0m[ERROR] -> [Help 1]
[8mha:////4IhcPu03US8V4yBJPH60YHqcd9bVcd4fMbNSboUNnteLAAAAYB+LCAAAAAAAAP9b85aBtbiIQSmjNKU4P0+vJLE4u1gvPjexLDVPzxdEuhYV5Rf55ZekOlc7RKnPKH7IxMBQUcQgBdWQnJ9XnJ+TqucMoUEKGSCAEaSwAACsNFCqYAAAAA==[0m[ERROR] 
[8mha:////4IhcPu03US8V4yBJPH60YHqcd9bVcd4fMbNSboUNnteLAAAAYB+LCAAAAAAAAP9b85aBtbiIQSmjNKU4P0+vJLE4u1gvPjexLDVPzxdEuhYV5Rf55ZekOlc7RKnPKH7IxMBQUcQgBdWQnJ9XnJ+TqucMoUEKGSCAEaSwAACsNFCqYAAAAA==[0m[ERROR] To see the full stack trace of the errors, re-run Maven with the -e switch.
[8mha:////4IhcPu03US8V4yBJPH60YHqcd9bVcd4fMbNSboUNnteLAAAAYB+LCAAAAAAAAP9b85aBtbiIQSmjNKU4P0+vJLE4u1gvPjexLDVPzxdEuhYV5Rf55ZekOlc7RKnPKH7IxMBQUcQgBdWQnJ9XnJ+TqucMoUEKGSCAEaSwAACsNFCqYAAAAA==[0m[ERROR] Re-run Maven using the -X switch to enable full debug logging.
[8mha:////4IhcPu03US8V4yBJPH60YHqcd9bVcd4fMbNSboUNnteLAAAAYB+LCAAAAAAAAP9b85aBtbiIQSmjNKU4P0+vJLE4u1gvPjexLDVPzxdEuhYV5Rf55ZekOlc7RKnPKH7IxMBQUcQgBdWQnJ9XnJ+TqucMoUEKGSCAEaSwAACsNFCqYAAAAA==[0m[ERROR] 
[8mha:////4IhcPu03US8V4yBJPH60YHqcd9bVcd4fMbNSboUNnteLAAAAYB+LCAAAAAAAAP9b85aBtbiIQSmjNKU4P0+vJLE4u1gvPjexLDVPzxdEuhYV5Rf55ZekOlc7RKnPKH7IxMBQUcQgBdWQnJ9XnJ+TqucMoUEKGSCAEaSwAACsNFCqYAAAAA==[0m[ERROR] For more information about the errors and possible solutions, please read the following articles:
[8mha:////4IhcPu03US8V4yBJPH60YHqcd9bVcd4fMbNSboUNnteLAAAAYB+LCAAAAAAAAP9b85aBtbiIQSmjNKU4P0+vJLE4u1gvPjexLDVPzxdEuhYV5Rf55ZekOlc7RKnPKH7IxMBQUcQgBdWQnJ9XnJ+TqucMoUEKGSCAEaSwAACsNFCqYAAAAA==[0m[ERROR] [Help 1] http://cwiki.apache.org/confluence/display/MAVEN/MojoFailureException
Build step 'Invoke top-level Maven targets' marked build as failure
Email was triggered for: Always
Sending email for trigger: Always
ERROR: Could not send email as a part of the post-build publishers.
javax.mail.internet.AddressException: Local address contains control or whitespace in string ``Gamut Kart''
	at javax.mail.internet.InternetAddress.checkAddress(InternetAddress.java:1213)
	at javax.mail.internet.InternetAddress.parse(InternetAddress.java:1091)
	at javax.mail.internet.InternetAddress.parse(InternetAddress.java:633)
	at javax.mail.internet.InternetAddress.<init>(InternetAddress.java:111)
	at hudson.plugins.emailext.ExtendedEmailPublisherDescriptor.createSession(ExtendedEmailPublisherDescriptor.java:242)
	at hudson.plugins.emailext.ExtendedEmailPublisher.createMail(ExtendedEmailPublisher.java:726)
	at hudson.plugins.emailext.ExtendedEmailPublisher.sendMail(ExtendedEmailPublisher.java:451)
	at hudson.plugins.emailext.ExtendedEmailPublisher._perform(ExtendedEmailPublisher.java:441)
	at hudson.plugins.emailext.ExtendedEmailPublisher.perform(ExtendedEmailPublisher.java:349)
	at hudson.tasks.BuildStepMonitor$1.perform(BuildStepMonitor.java:20)
	at hudson.model.AbstractBuild$AbstractBuildExecution.perform(AbstractBuild.java:744)
	at hudson.model.AbstractBuild$AbstractBuildExecution.performAllBuildSteps(AbstractBuild.java:690)
	at hudson.model.Build$BuildExecution.cleanUp(Build.java:196)
	at hudson.model.Run.execute(Run.java:1863)
	at hudson.model.FreeStyleBuild.run(FreeStyleBuild.java:43)
	at hudson.model.ResourceController.execute(ResourceController.java:97)
	at hudson.model.Executor.run(Executor.java:429)
Finished: FAILURE
